Performing C SOURCE FILE Test CMAKE_HAVE_LIBC_PTHREAD failed with the following output:
Change Dir: /home/zoukaixiang/code/camodocal/cmake-build-debug/CMakeFiles/CMakeTmp

Run Build Command(s):/usr/bin/make cmTC_41755/fast && /usr/bin/make  -f CMakeFiles/cmTC_41755.dir/build.make CMakeFiles/cmTC_41755.dir/build
make[1]: Entering directory '/home/zoukaixiang/code/camodocal/cmake-build-debug/CMakeFiles/CMakeTmp'
Building C object CMakeFiles/cmTC_41755.dir/src.c.o
/usr/bin/cc -DBLAS_USE_F2C -DCMAKE_HAVE_LIBC_PTHREAD   -o CMakeFiles/cmTC_41755.dir/src.c.o -c /home/zoukaixiang/code/camodocal/cmake-build-debug/CMakeFiles/CMakeTmp/src.c
Linking C executable cmTC_41755
/home/zoukaixiang/3rdparty/clion-2021.1.1/bin/cmake/linux/bin/cmake -E cmake_link_script CMakeFiles/cmTC_41755.dir/link.txt --verbose=1
/usr/bin/cc -rdynamic CMakeFiles/cmTC_41755.dir/src.c.o -o cmTC_41755 
CMakeFiles/cmTC_41755.dir/src.c.o：在函数‘main’中：
src.c:(.text+0x3c)：对‘pthread_create’未定义的引用
src.c:(.text+0x48)：对‘pthread_detach’未定义的引用
src.c:(.text+0x54)：对‘pthread_cancel’未定义的引用
src.c:(.text+0x65)：对‘pthread_join’未定义的引用
src.c:(.text+0x79)：对‘pthread_atfork’未定义的引用
collect2: error: ld returned 1 exit status
CMakeFiles/cmTC_41755.dir/build.make:105: recipe for target 'cmTC_41755' failed
make[1]: *** [cmTC_41755] Error 1
make[1]: Leaving directory '/home/zoukaixiang/code/camodocal/cmake-build-debug/CMakeFiles/CMakeTmp'
Makefile:140: recipe for target 'cmTC_41755/fast' failed
make: *** [cmTC_41755/fast] Error 2


Source file was:
#include <pthread.h>

static void* test_func(void* data)
{
  return data;
}

int main(void)
{
  pthread_t thread;
  pthread_create(&thread, NULL, test_func, NULL);
  pthread_detach(thread);
  pthread_cancel(thread);
  pthread_join(thread, NULL);
  pthread_atfork(NULL, NULL, NULL);
  pthread_exit(NULL);

  return 0;
}

Determining if the function pthread_create exists in the pthreads failed with the following output:
Change Dir: /home/zoukaixiang/code/camodocal/cmake-build-debug/CMakeFiles/CMakeTmp

Run Build Command(s):/usr/bin/make cmTC_73565/fast && /usr/bin/make  -f CMakeFiles/cmTC_73565.dir/build.make CMakeFiles/cmTC_73565.dir/build
make[1]: Entering directory '/home/zoukaixiang/code/camodocal/cmake-build-debug/CMakeFiles/CMakeTmp'
Building C object CMakeFiles/cmTC_73565.dir/CheckFunctionExists.c.o
/usr/bin/cc -DBLAS_USE_F2C  -DCHECK_FUNCTION_EXISTS=pthread_create -o CMakeFiles/cmTC_73565.dir/CheckFunctionExists.c.o -c /home/zoukaixiang/3rdparty/clion-2021.1.1/bin/cmake/linux/share/cmake-3.19/Modules/CheckFunctionExists.c
Linking C executable cmTC_73565
/home/zoukaixiang/3rdparty/clion-2021.1.1/bin/cmake/linux/bin/cmake -E cmake_link_script CMakeFiles/cmTC_73565.dir/link.txt --verbose=1
/usr/bin/cc  -DCHECK_FUNCTION_EXISTS=pthread_create -rdynamic CMakeFiles/cmTC_73565.dir/CheckFunctionExists.c.o -o cmTC_73565  -lpthreads 
/usr/bin/ld: 找不到 -lpthreads
collect2: error: ld returned 1 exit status
CMakeFiles/cmTC_73565.dir/build.make:105: recipe for target 'cmTC_73565' failed
make[1]: *** [cmTC_73565] Error 1
make[1]: Leaving directory '/home/zoukaixiang/code/camodocal/cmake-build-debug/CMakeFiles/CMakeTmp'
Makefile:140: recipe for target 'cmTC_73565/fast' failed
make: *** [cmTC_73565/fast] Error 2



Determining if the include file opencv2/cudafeatures2d.hpp exists failed with the following output:
Change Dir: /home/zoukaixiang/code/camodocal/cmake-build-debug/CMakeFiles/CMakeTmp

Run Build Command(s):/usr/bin/make cmTC_f1790/fast && /usr/bin/make  -f CMakeFiles/cmTC_f1790.dir/build.make CMakeFiles/cmTC_f1790.dir/build
make[1]: Entering directory '/home/zoukaixiang/code/camodocal/cmake-build-debug/CMakeFiles/CMakeTmp'
Building CXX object CMakeFiles/cmTC_f1790.dir/CheckIncludeFile.cxx.o
/usr/bin/c++ -DBLAS_USE_F2C  -std=c++11  -o CMakeFiles/cmTC_f1790.dir/CheckIncludeFile.cxx.o -c /home/zoukaixiang/code/camodocal/cmake-build-debug/CMakeFiles/CMakeTmp/CheckIncludeFile.cxx
/home/zoukaixiang/code/camodocal/cmake-build-debug/CMakeFiles/CMakeTmp/CheckIncludeFile.cxx:1:38: fatal error: opencv2/cudafeatures2d.hpp: 没有那个文件或目录
compilation terminated.
CMakeFiles/cmTC_f1790.dir/build.make:84: recipe for target 'CMakeFiles/cmTC_f1790.dir/CheckIncludeFile.cxx.o' failed
make[1]: *** [CMakeFiles/cmTC_f1790.dir/CheckIncludeFile.cxx.o] Error 1
make[1]: Leaving directory '/home/zoukaixiang/code/camodocal/cmake-build-debug/CMakeFiles/CMakeTmp'
Makefile:140: recipe for target 'cmTC_f1790/fast' failed
make: *** [cmTC_f1790/fast] Error 2



